# Logfile created on 2014-02-03 14:22:03 +0000 by logger.rb/41954
I, [2014-02-03T14:22:03.017908 #1373]  INFO -- : 0:  daemons (1.1.9) from /Users/meganfolsom/.rvm/gems/ruby-2.1.0/specifications/daemons-1.1.9.gemspec
I, [2014-02-03T14:22:13.058150 #1373]  INFO -- : 0:  eventmachine (1.0.3) from /Users/meganfolsom/.rvm/gems/ruby-2.1.0/specifications/eventmachine-1.0.3.gemspec
I, [2014-02-03T14:22:13.058590 #1373]  INFO -- : 0:  rack (1.5.2) from /Users/meganfolsom/.rvm/gems/ruby-2.1.0/specifications/rack-1.5.2.gemspec
I, [2014-02-03T14:22:13.058814 #1373]  INFO -- : 0:  rack-protection (1.5.2) from /Users/meganfolsom/.rvm/gems/ruby-2.1.0/specifications/rack-protection-1.5.2.gemspec
I, [2014-02-03T14:22:13.059036 #1373]  INFO -- : 0:  shotgun (0.9) from /Users/meganfolsom/.rvm/gems/ruby-2.1.0/specifications/shotgun-0.9.gemspec
I, [2014-02-03T14:22:13.059264 #1373]  INFO -- : 0:  tilt (1.4.1) from /Users/meganfolsom/.rvm/gems/ruby-2.1.0/specifications/tilt-1.4.1.gemspec
I, [2014-02-03T14:22:13.059478 #1373]  INFO -- : 0:  sinatra (1.4.4) from /Users/meganfolsom/.rvm/gems/ruby-2.1.0/specifications/sinatra-1.4.4.gemspec
I, [2014-02-03T14:22:17.036038 #1373]  INFO -- : 0:  thin (1.6.1) from /Users/meganfolsom/.rvm/gems/ruby-2.1.0/specifications/thin-1.6.1.gemspec
I, [2014-02-03T14:22:17.036383 #1373]  INFO -- : 0:  bundler (1.5.1) from /Users/meganfolsom/.rvm/gems/ruby-2.1.0@global/specifications/bundler-1.5.1.gemspec
I, [2014-02-05T12:11:00.450485 #5971]  INFO -- : 0:  daemons (1.1.9) from /Users/meganfolsom/.rvm/gems/ruby-2.1.0/specifications/daemons-1.1.9.gemspec
I, [2014-02-05T12:11:00.451244 #5971]  INFO -- : 0:  eventmachine (1.0.3) from /Users/meganfolsom/.rvm/gems/ruby-2.1.0/specifications/eventmachine-1.0.3.gemspec
I, [2014-02-05T12:11:00.451501 #5971]  INFO -- : 0:  rack (1.5.2) from /Users/meganfolsom/.rvm/gems/ruby-2.1.0/specifications/rack-1.5.2.gemspec
I, [2014-02-05T12:11:00.451733 #5971]  INFO -- : 0:  rack-protection (1.5.2) from /Users/meganfolsom/.rvm/gems/ruby-2.1.0/specifications/rack-protection-1.5.2.gemspec
I, [2014-02-05T12:11:00.451957 #5971]  INFO -- : 0:  shotgun (0.9) from /Users/meganfolsom/.rvm/gems/ruby-2.1.0/specifications/shotgun-0.9.gemspec
I, [2014-02-05T12:11:00.452197 #5971]  INFO -- : 0:  tilt (1.4.1) from /Users/meganfolsom/.rvm/gems/ruby-2.1.0/specifications/tilt-1.4.1.gemspec
I, [2014-02-05T12:11:00.452421 #5971]  INFO -- : 0:  sinatra (1.4.4) from /Users/meganfolsom/.rvm/gems/ruby-2.1.0/specifications/sinatra-1.4.4.gemspec
I, [2014-02-05T12:11:00.452642 #5971]  INFO -- : 0:  thin (1.6.1) from /Users/meganfolsom/.rvm/gems/ruby-2.1.0/specifications/thin-1.6.1.gemspec
I, [2014-02-05T12:11:00.452858 #5971]  INFO -- : 0:  bundler (1.5.1) from /Users/meganfolsom/.rvm/gems/ruby-2.1.0@global/specifications/bundler-1.5.1.gemspec
I, [2014-02-05T15:44:04.869426 #6148]  INFO -- : 0:  daemons (1.1.9) from /Users/meganfolsom/.rvm/gems/ruby-2.1.0/specifications/daemons-1.1.9.gemspec
I, [2014-02-05T15:44:04.869689 #6148]  INFO -- : 0:  eventmachine (1.0.3) from /Users/meganfolsom/.rvm/gems/ruby-2.1.0/specifications/eventmachine-1.0.3.gemspec
I, [2014-02-05T15:44:04.869887 #6148]  INFO -- : 0:  rack (1.5.2) from /Users/meganfolsom/.rvm/gems/ruby-2.1.0/specifications/rack-1.5.2.gemspec
I, [2014-02-05T15:44:06.893781 #6148]  INFO -- : 0:  rack-flash (0.1.2) from /Users/meganfolsom/.rvm/gems/ruby-2.1.0/specifications/rack-flash-0.1.2.gemspec
I, [2014-02-05T15:44:06.894171 #6148]  INFO -- : 0:  rack-protection (1.5.2) from /Users/meganfolsom/.rvm/gems/ruby-2.1.0/specifications/rack-protection-1.5.2.gemspec
I, [2014-02-05T15:44:06.894384 #6148]  INFO -- : 0:  shotgun (0.9) from /Users/meganfolsom/.rvm/gems/ruby-2.1.0/specifications/shotgun-0.9.gemspec
I, [2014-02-05T15:44:06.894589 #6148]  INFO -- : 0:  tilt (1.4.1) from /Users/meganfolsom/.rvm/gems/ruby-2.1.0/specifications/tilt-1.4.1.gemspec
I, [2014-02-05T15:44:06.894786 #6148]  INFO -- : 0:  sinatra (1.4.4) from /Users/meganfolsom/.rvm/gems/ruby-2.1.0/specifications/sinatra-1.4.4.gemspec
I, [2014-02-05T15:44:06.894989 #6148]  INFO -- : 0:  thin (1.6.1) from /Users/meganfolsom/.rvm/gems/ruby-2.1.0/specifications/thin-1.6.1.gemspec
I, [2014-02-05T15:44:06.895502 #6148]  INFO -- : 0:  bundler (1.5.1) from /Users/meganfolsom/.rvm/gems/ruby-2.1.0@global/specifications/bundler-1.5.1.gemspec
I, [2014-02-05T15:48:26.460813 #6152]  INFO -- : 0:  daemons (1.1.9) from /Users/meganfolsom/.rvm/gems/ruby-2.1.0/specifications/daemons-1.1.9.gemspec
I, [2014-02-05T15:48:26.461083 #6152]  INFO -- : 0:  eventmachine (1.0.3) from /Users/meganfolsom/.rvm/gems/ruby-2.1.0/specifications/eventmachine-1.0.3.gemspec
I, [2014-02-05T15:48:26.461310 #6152]  INFO -- : 0:  rack (1.5.2) from /Users/meganfolsom/.rvm/gems/ruby-2.1.0/specifications/rack-1.5.2.gemspec
I, [2014-02-05T15:48:30.122766 #6152]  INFO -- : 0:  rack-flash3 (1.0.5) from /Users/meganfolsom/.rvm/gems/ruby-2.1.0/specifications/rack-flash3-1.0.5.gemspec
I, [2014-02-05T15:48:30.123114 #6152]  INFO -- : 0:  rack-protection (1.5.2) from /Users/meganfolsom/.rvm/gems/ruby-2.1.0/specifications/rack-protection-1.5.2.gemspec
I, [2014-02-05T15:48:30.123344 #6152]  INFO -- : 0:  shotgun (0.9) from /Users/meganfolsom/.rvm/gems/ruby-2.1.0/specifications/shotgun-0.9.gemspec
I, [2014-02-05T15:48:30.123542 #6152]  INFO -- : 0:  tilt (1.4.1) from /Users/meganfolsom/.rvm/gems/ruby-2.1.0/specifications/tilt-1.4.1.gemspec
I, [2014-02-05T15:48:30.123728 #6152]  INFO -- : 0:  sinatra (1.4.4) from /Users/meganfolsom/.rvm/gems/ruby-2.1.0/specifications/sinatra-1.4.4.gemspec
I, [2014-02-05T15:48:30.123913 #6152]  INFO -- : 0:  thin (1.6.1) from /Users/meganfolsom/.rvm/gems/ruby-2.1.0/specifications/thin-1.6.1.gemspec
I, [2014-02-05T15:48:30.124102 #6152]  INFO -- : 0:  bundler (1.5.1) from /Users/meganfolsom/.rvm/gems/ruby-2.1.0@global/specifications/bundler-1.5.1.gemspec
I, [2014-02-05T16:02:53.680905 #6170]  INFO -- : 0:  daemons (1.1.9) from /Users/meganfolsom/.rvm/gems/ruby-2.1.0/specifications/daemons-1.1.9.gemspec
I, [2014-02-05T16:02:53.681183 #6170]  INFO -- : 0:  eventmachine (1.0.3) from /Users/meganfolsom/.rvm/gems/ruby-2.1.0/specifications/eventmachine-1.0.3.gemspec
I, [2014-02-05T16:02:53.681416 #6170]  INFO -- : 0:  rack (1.5.2) from /Users/meganfolsom/.rvm/gems/ruby-2.1.0/specifications/rack-1.5.2.gemspec
I, [2014-02-05T16:02:53.681642 #6170]  INFO -- : 0:  rack-flash3 (1.0.5) from /Users/meganfolsom/.rvm/gems/ruby-2.1.0/specifications/rack-flash3-1.0.5.gemspec
I, [2014-02-05T16:02:53.681867 #6170]  INFO -- : 0:  rack-protection (1.5.2) from /Users/meganfolsom/.rvm/gems/ruby-2.1.0/specifications/rack-protection-1.5.2.gemspec
I, [2014-02-05T16:02:53.682085 #6170]  INFO -- : 0:  shotgun (0.9) from /Users/meganfolsom/.rvm/gems/ruby-2.1.0/specifications/shotgun-0.9.gemspec
I, [2014-02-05T16:02:53.682309 #6170]  INFO -- : 0:  tilt (1.4.1) from /Users/meganfolsom/.rvm/gems/ruby-2.1.0/specifications/tilt-1.4.1.gemspec
I, [2014-02-05T16:02:53.682527 #6170]  INFO -- : 0:  sinatra (1.4.4) from /Users/meganfolsom/.rvm/gems/ruby-2.1.0/specifications/sinatra-1.4.4.gemspec
I, [2014-02-05T16:02:53.682740 #6170]  INFO -- : 0:  thin (1.6.1) from /Users/meganfolsom/.rvm/gems/ruby-2.1.0/specifications/thin-1.6.1.gemspec
I, [2014-02-05T16:02:53.682947 #6170]  INFO -- : 0:  bundler (1.5.1) from /Users/meganfolsom/.rvm/gems/ruby-2.1.0@global/specifications/bundler-1.5.1.gemspec
I, [2014-02-05T16:07:38.508626 #6183]  INFO -- : 0:  daemons (1.1.9) from /Users/meganfolsom/.rvm/gems/ruby-2.1.0/specifications/daemons-1.1.9.gemspec
I, [2014-02-05T16:07:38.508893 #6183]  INFO -- : 0:  eventmachine (1.0.3) from /Users/meganfolsom/.rvm/gems/ruby-2.1.0/specifications/eventmachine-1.0.3.gemspec
I, [2014-02-05T16:07:38.509124 #6183]  INFO -- : 0:  rack (1.5.2) from /Users/meganfolsom/.rvm/gems/ruby-2.1.0/specifications/rack-1.5.2.gemspec
I, [2014-02-05T16:07:38.509346 #6183]  INFO -- : 0:  rack-flash3 (1.0.5) from /Users/meganfolsom/.rvm/gems/ruby-2.1.0/specifications/rack-flash3-1.0.5.gemspec
I, [2014-02-05T16:07:38.509568 #6183]  INFO -- : 0:  rack-protection (1.5.2) from /Users/meganfolsom/.rvm/gems/ruby-2.1.0/specifications/rack-protection-1.5.2.gemspec
I, [2014-02-05T16:07:38.509781 #6183]  INFO -- : 0:  shotgun (0.9) from /Users/meganfolsom/.rvm/gems/ruby-2.1.0/specifications/shotgun-0.9.gemspec
I, [2014-02-05T16:07:38.510029 #6183]  INFO -- : 0:  tilt (1.4.1) from /Users/meganfolsom/.rvm/gems/ruby-2.1.0/specifications/tilt-1.4.1.gemspec
I, [2014-02-05T16:07:38.510249 #6183]  INFO -- : 0:  sinatra (1.4.4) from /Users/meganfolsom/.rvm/gems/ruby-2.1.0/specifications/sinatra-1.4.4.gemspec
I, [2014-02-05T16:07:40.531449 #6183]  INFO -- : 0:  sinatra-partial (0.4.0) from /Users/meganfolsom/.rvm/gems/ruby-2.1.0/specifications/sinatra-partial-0.4.0.gemspec
I, [2014-02-05T16:07:40.531731 #6183]  INFO -- : 0:  thin (1.6.1) from /Users/meganfolsom/.rvm/gems/ruby-2.1.0/specifications/thin-1.6.1.gemspec
I, [2014-02-05T16:07:40.531904 #6183]  INFO -- : 0:  bundler (1.5.1) from /Users/meganfolsom/.rvm/gems/ruby-2.1.0@global/specifications/bundler-1.5.1.gemspec
I, [2014-02-05T16:51:54.834473 #6241]  INFO -- : 0:  daemons (1.1.9) from /Users/meganfolsom/.rvm/gems/ruby-2.1.0/specifications/daemons-1.1.9.gemspec
I, [2014-02-05T16:51:54.834746 #6241]  INFO -- : 0:  eventmachine (1.0.3) from /Users/meganfolsom/.rvm/gems/ruby-2.1.0/specifications/eventmachine-1.0.3.gemspec
I, [2014-02-05T16:51:54.834985 #6241]  INFO -- : 0:  rack (1.5.2) from /Users/meganfolsom/.rvm/gems/ruby-2.1.0/specifications/rack-1.5.2.gemspec
I, [2014-02-05T16:51:54.835211 #6241]  INFO -- : 0:  rack-flash3 (1.0.5) from /Users/meganfolsom/.rvm/gems/ruby-2.1.0/specifications/rack-flash3-1.0.5.gemspec
I, [2014-02-05T16:51:54.835437 #6241]  INFO -- : 0:  rack-protection (1.5.2) from /Users/meganfolsom/.rvm/gems/ruby-2.1.0/specifications/rack-protection-1.5.2.gemspec
I, [2014-02-05T16:51:54.835658 #6241]  INFO -- : 0:  shotgun (0.9) from /Users/meganfolsom/.rvm/gems/ruby-2.1.0/specifications/shotgun-0.9.gemspec
I, [2014-02-05T16:51:54.835882 #6241]  INFO -- : 0:  tilt (1.4.1) from /Users/meganfolsom/.rvm/gems/ruby-2.1.0/specifications/tilt-1.4.1.gemspec
I, [2014-02-05T16:51:54.836098 #6241]  INFO -- : 0:  sinatra (1.4.4) from /Users/meganfolsom/.rvm/gems/ruby-2.1.0/specifications/sinatra-1.4.4.gemspec
I, [2014-02-05T16:51:54.836311 #6241]  INFO -- : 0:  sinatra-partial (0.4.0) from /Users/meganfolsom/.rvm/gems/ruby-2.1.0/specifications/sinatra-partial-0.4.0.gemspec
I, [2014-02-05T16:51:54.836531 #6241]  INFO -- : 0:  thin (1.6.1) from /Users/meganfolsom/.rvm/gems/ruby-2.1.0/specifications/thin-1.6.1.gemspec
I, [2014-02-05T16:51:54.836741 #6241]  INFO -- : 0:  bundler (1.5.1) from /Users/meganfolsom/.rvm/gems/ruby-2.1.0@global/specifications/bundler-1.5.1.gemspec
I, [2014-02-06T23:40:14.129087 #732]  INFO -- : 0:  daemons (1.1.9) from /Users/meganfolsom/.rvm/gems/ruby-2.0.0-p353/specifications/daemons-1.1.9.gemspec
I, [2014-02-06T23:40:21.456509 #732]  INFO -- : 0:  eventmachine (1.0.3) from /Users/meganfolsom/.rvm/gems/ruby-2.0.0-p353/specifications/eventmachine-1.0.3.gemspec
I, [2014-02-06T23:40:23.632781 #732]  INFO -- : 0:  newrelic_rpm (3.7.2.192) from /Users/meganfolsom/.rvm/gems/ruby-2.0.0-p353/specifications/newrelic_rpm-3.7.2.192.gemspec
I, [2014-02-06T23:40:24.991882 #732]  INFO -- : 0:  rack (1.5.2) from /Users/meganfolsom/.rvm/gems/ruby-2.0.0-p353/specifications/rack-1.5.2.gemspec
I, [2014-02-06T23:40:26.132516 #732]  INFO -- : 0:  rack-flash3 (1.0.5) from /Users/meganfolsom/.rvm/gems/ruby-2.0.0-p353/specifications/rack-flash3-1.0.5.gemspec
I, [2014-02-06T23:40:27.243934 #732]  INFO -- : 0:  rack-protection (1.5.2) from /Users/meganfolsom/.rvm/gems/ruby-2.0.0-p353/specifications/rack-protection-1.5.2.gemspec
I, [2014-02-06T23:40:28.475349 #732]  INFO -- : 0:  shotgun (0.9) from /Users/meganfolsom/.rvm/gems/ruby-2.0.0-p353/specifications/shotgun-0.9.gemspec
I, [2014-02-06T23:40:29.781857 #732]  INFO -- : 0:  tilt (1.4.1) from /Users/meganfolsom/.rvm/gems/ruby-2.0.0-p353/specifications/tilt-1.4.1.gemspec
I, [2014-02-06T23:40:31.109617 #732]  INFO -- : 0:  sinatra (1.4.4) from /Users/meganfolsom/.rvm/gems/ruby-2.0.0-p353/specifications/sinatra-1.4.4.gemspec
I, [2014-02-06T23:40:32.040732 #732]  INFO -- : 0:  sinatra-partial (0.4.0) from /Users/meganfolsom/.rvm/gems/ruby-2.0.0-p353/specifications/sinatra-partial-0.4.0.gemspec
I, [2014-02-06T23:40:33.622769 #732]  INFO -- : 0:  thin (1.6.1) from /Users/meganfolsom/.rvm/gems/ruby-2.0.0-p353/specifications/thin-1.6.1.gemspec
I, [2014-02-06T23:40:33.623224 #732]  INFO -- : 0:  bundler (1.5.1) from /Users/meganfolsom/.rvm/gems/ruby-2.0.0-p353@global/specifications/bundler-1.5.1.gemspec
I, [2014-02-07T09:58:31.571777 #1360]  INFO -- : 0:  daemons (1.1.9) from /Users/meganfolsom/.rvm/gems/ruby-2.0.0-p353/specifications/daemons-1.1.9.gemspec
I, [2014-02-07T09:58:31.572524 #1360]  INFO -- : 0:  eventmachine (1.0.3) from /Users/meganfolsom/.rvm/gems/ruby-2.0.0-p353/specifications/eventmachine-1.0.3.gemspec
I, [2014-02-07T09:58:31.572782 #1360]  INFO -- : 0:  newrelic_rpm (3.7.2.192) from /Users/meganfolsom/.rvm/gems/ruby-2.0.0-p353/specifications/newrelic_rpm-3.7.2.192.gemspec
I, [2014-02-07T09:58:31.573020 #1360]  INFO -- : 0:  rack (1.5.2) from /Users/meganfolsom/.rvm/gems/ruby-2.0.0-p353/specifications/rack-1.5.2.gemspec
I, [2014-02-07T09:58:31.573260 #1360]  INFO -- : 0:  rack-flash3 (1.0.5) from /Users/meganfolsom/.rvm/gems/ruby-2.0.0-p353/specifications/rack-flash3-1.0.5.gemspec
I, [2014-02-07T09:58:31.573483 #1360]  INFO -- : 0:  rack-protection (1.5.2) from /Users/meganfolsom/.rvm/gems/ruby-2.0.0-p353/specifications/rack-protection-1.5.2.gemspec
I, [2014-02-07T09:58:31.573714 #1360]  INFO -- : 0:  shotgun (0.9) from /Users/meganfolsom/.rvm/gems/ruby-2.0.0-p353/specifications/shotgun-0.9.gemspec
I, [2014-02-07T09:58:31.573940 #1360]  INFO -- : 0:  tilt (1.4.1) from /Users/meganfolsom/.rvm/gems/ruby-2.0.0-p353/specifications/tilt-1.4.1.gemspec
I, [2014-02-07T09:58:31.574216 #1360]  INFO -- : 0:  sinatra (1.4.4) from /Users/meganfolsom/.rvm/gems/ruby-2.0.0-p353/specifications/sinatra-1.4.4.gemspec
I, [2014-02-07T09:58:31.574456 #1360]  INFO -- : 0:  sinatra-partial (0.4.0) from /Users/meganfolsom/.rvm/gems/ruby-2.0.0-p353/specifications/sinatra-partial-0.4.0.gemspec
I, [2014-02-07T09:58:31.574670 #1360]  INFO -- : 0:  thin (1.6.1) from /Users/meganfolsom/.rvm/gems/ruby-2.0.0-p353/specifications/thin-1.6.1.gemspec
I, [2014-02-07T09:58:31.574890 #1360]  INFO -- : 0:  bundler (1.5.1) from /Users/meganfolsom/.rvm/gems/ruby-2.0.0-p353@global/specifications/bundler-1.5.1.gemspec
I, [2014-02-07T10:06:37.302036 #1365]  INFO -- : 0:  daemons (1.1.9) from /Users/meganfolsom/.rvm/gems/ruby-2.0.0-p353/specifications/daemons-1.1.9.gemspec
I, [2014-02-07T10:06:37.302301 #1365]  INFO -- : 0:  eventmachine (1.0.3) from /Users/meganfolsom/.rvm/gems/ruby-2.0.0-p353/specifications/eventmachine-1.0.3.gemspec
I, [2014-02-07T10:06:42.626732 #1365]  INFO -- : 0:  kgio (2.9.1) from /Users/meganfolsom/.rvm/gems/ruby-2.0.0-p353/specifications/kgio-2.9.1.gemspec
I, [2014-02-07T10:06:42.627128 #1365]  INFO -- : 0:  newrelic_rpm (3.7.2.192) from /Users/meganfolsom/.rvm/gems/ruby-2.0.0-p353/specifications/newrelic_rpm-3.7.2.192.gemspec
I, [2014-02-07T10:06:42.627361 #1365]  INFO -- : 0:  rack (1.5.2) from /Users/meganfolsom/.rvm/gems/ruby-2.0.0-p353/specifications/rack-1.5.2.gemspec
I, [2014-02-07T10:06:42.627584 #1365]  INFO -- : 0:  rack-flash3 (1.0.5) from /Users/meganfolsom/.rvm/gems/ruby-2.0.0-p353/specifications/rack-flash3-1.0.5.gemspec
I, [2014-02-07T10:06:42.627801 #1365]  INFO -- : 0:  rack-protection (1.5.2) from /Users/meganfolsom/.rvm/gems/ruby-2.0.0-p353/specifications/rack-protection-1.5.2.gemspec
I, [2014-02-07T10:06:45.916793 #1365]  INFO -- : 0:  raindrops (0.12.0) from /Users/meganfolsom/.rvm/gems/ruby-2.0.0-p353/specifications/raindrops-0.12.0.gemspec
I, [2014-02-07T10:06:45.917181 #1365]  INFO -- : 0:  shotgun (0.9) from /Users/meganfolsom/.rvm/gems/ruby-2.0.0-p353/specifications/shotgun-0.9.gemspec
I, [2014-02-07T10:06:45.917383 #1365]  INFO -- : 0:  tilt (1.4.1) from /Users/meganfolsom/.rvm/gems/ruby-2.0.0-p353/specifications/tilt-1.4.1.gemspec
I, [2014-02-07T10:06:45.917571 #1365]  INFO -- : 0:  sinatra (1.4.4) from /Users/meganfolsom/.rvm/gems/ruby-2.0.0-p353/specifications/sinatra-1.4.4.gemspec
I, [2014-02-07T10:06:45.917750 #1365]  INFO -- : 0:  sinatra-partial (0.4.0) from /Users/meganfolsom/.rvm/gems/ruby-2.0.0-p353/specifications/sinatra-partial-0.4.0.gemspec
I, [2014-02-07T10:06:45.917943 #1365]  INFO -- : 0:  thin (1.6.1) from /Users/meganfolsom/.rvm/gems/ruby-2.0.0-p353/specifications/thin-1.6.1.gemspec
I, [2014-02-07T10:06:54.126662 #1365]  INFO -- : 0:  unicorn (4.8.2) from /Users/meganfolsom/.rvm/gems/ruby-2.0.0-p353/specifications/unicorn-4.8.2.gemspec
I, [2014-02-07T10:06:54.127044 #1365]  INFO -- : 0:  bundler (1.5.1) from /Users/meganfolsom/.rvm/gems/ruby-2.0.0-p353@global/specifications/bundler-1.5.1.gemspec
